$GPGGA,092547.20,5157.89111643,N,04806.03913471,E,1,34,0.5,100.3851,M,-1.6215,M,02,999*4F
$GNVTG,28.858,T,17.799,M,0.05550,N,0.10279,K,D*3E
$GPGGA,092547.30,5157.89111607,N,04806.03913459,E,1,34,0.5,100.3837,M,-1.6215,M,02,999*44
$GNVTG,191.772,T,180.713,M,0.01353,N,0.02505,K,D*39
$GPGGA,092547.40,5157.89111553,N,04806.03913410,E,1,34,0.5,100.3834,M,-1.6215,M,02,999*4F
$GNVTG,209.494,T,198.434,M,0.02205,N,0.04084,K,D*34
$GPGGA,092547.50,5157.89111610,N,04806.03913444,E,1,34,0.5,100.3844,M,-1.6215,M,02,999*4C
$GNVTG,20.222,T,9.163,M,0.02184,N,0.04044,K,D*0E
$GPGGA,092547.60,5157.89111644,N,04806.03913540,E,1,34,0.5,100.3842,M,-1.6215,M,01,999*4E
$GNVTG,60.723,T,49.663,M,0.02466,N,0.04566,K,D*31
$GPGGA,092547.70,5157.89111625,N,04806.03913491,E,1,34,0.5,100.3870,M,-1.6215,M,01,999*44
$GNVTG,237.574,T,226.514,M,0.01288,N,0.02386,K,D*32
$GPGGA,092547.80,5157.89111562,N,04806.03913473,E,1,34,0.5,100.3838,M,-1.6215,M,01,999*4B
$GNVTG,190.398,T,179.338,M,0.02284,N,0.04230,K,D*3C
$GPGGA,092547.90,5157.89111644,N,04806.03913418,E,1,34,0.5,100.3837,M,-1.6215,M,01,999*4F
$GNVTG,337.358,T,326.298,M,0.03175,N,0.05879,K,D*36
$GPGGA,092548.00,5157.89111609,N,04806.03913544,E,1,34,0.5,100.3860,M,-1.6215,M,02,999*49
$GNZDA,092548.00,02,12,2022,,*79
$GNVTG,114.092,T,103.033,M,0.03067,N,0.05680,K,D*3C
$GPGGA,092548.10,5157.89111595,N,04806.03913468,E,1,34,0.5,100.3844,M,-1.6215,M,02,999*47
$GNVTG,253.634,T,242.574,M,0.01748,N,0.03237,K,D*30
$GPGGA,092548.20,5157.89111632,N,04806.03913524,E,1,34,0.5,100.3828,M,-1.6215,M,02,999*49
$GNVTG,42.606,T,31.547,M,0.01828,N,0.03385,K,D*34
$GPGGA,092548.30,5157.89111635,N,04806.03913476,E,1,34,0.5,100.3835,M,-1.6215,M,02,999*45
$GNVTG,274.415,T,263.355,M,0.01065,N,0.01973,K,D*33
$GPGGA,092548.40,5157.89111620,N,04806.03913499,E,1,34,0.5,100.3841,M,-1.6215,M,02,999*44
$GNVTG,135.173,T,124.113,M,0.00730,N,0.01351,K,D*3C
$GPGGA,092548.50,5157.89111599,N,04806.03913463,E,1,34,0.5,100.3851,M,-1.6215,M,02,999*40
$GNVTG,226.796,T,215.736,M,0.01110,N,0.02055,K,D*31
$GPGGA,092548.60,5157.89111604,N,04806.03913482,E,1,34,0.5,100.3826,M,-1.6215,M,01,999*48
$GNVTG,67.327,T,56.267,M,0.00454,N,0.00840,K,D*36
$GPGGA,092548.70,5157.89111620,N,04806.03913452,E,1,34,0.5,100.3815,M,-1.6215,M,01,999*42
$GNVTG,310.203,T,299.143,M,0.00883,N,0.01635,K,D*3D
$GPGGA,092548.80,5157.89111683,N,04806.03913517,E,1,34,0.5,100.3819,M,-1.6215,M,01,999*48
$GNVTG,32.607,T,21.547,M,0.02708,N,0.05016,K,D*32
$GPGGA,092548.90,5157.89111676,N,04806.03913563,E,1,34,0.5,100.3827,M,-1.6215,M,01,999*4D
$GNVTG,105.176,T,94.116,M,0.01054,N,0.01952,K,D*08
$GPGGA,092549.00,5157.89111623,N,04806.03913509,E,1,34,0.5,100.3826,M,-1.6215,M,02,999*4B
